<?xml version="1.0" encoding="UTF-8"?>
<!-- Generated by org.testng.reporters.JUnitReportReporter -->
<testsuite hostname="INL-1SMYRV3" failures="0" tests="1" name="com.group6.AmazonAutomation.TestScenarios.ChangeLanguage" time="35.314" errors="0" timestamp="2023-09-11T22:01:47 IST" skipped="0">
  <testcase classname="com.group6.AmazonAutomation.TestScenarios.ChangeLanguage" name="changeCountry" time="35.314"/>
</testsuite> <!-- com.group6.AmazonAutomation.TestScenarios.ChangeLanguage -->
