<?xml version="1.0" encoding="UTF-8"?>
<!-- Generated by org.testng.reporters.JUnitReportReporter -->
<testsuite hostname="INL-1SMYRV3" failures="0" tests="1" name="com.group6.AmazonAutomation.TestScenarios.Searchbycategory" time="120.897" errors="0" timestamp="2023-09-11T21:59:47 IST" skipped="0">
  <testcase classname="com.group6.AmazonAutomation.TestScenarios.Searchbycategory" name="testProductAvailability" time="120.897"/>
</testsuite> <!-- com.group6.AmazonAutomation.TestScenarios.Searchbycategory -->
