<?xml version="1.0" encoding="UTF-8"?>
<!-- Generated by org.testng.reporters.JUnitReportReporter -->
<testsuite hostname="INL-1SMYRV3" failures="0" tests="1" name="com.group6.AmazonAutomation.TestScenarios.AddToCart" time="31.041" errors="0" timestamp="2023-09-11T21:06:59 IST" skipped="0">
  <testcase classname="com.group6.AmazonAutomation.TestScenarios.AddToCart" name="AddtoCart" time="31.041"/>
</testsuite> <!-- com.group6.AmazonAutomation.TestScenarios.AddToCart -->
