<?xml version="1.0" encoding="UTF-8"?>
<!-- Generated by org.testng.reporters.JUnitReportReporter -->
<testsuite hostname="INL-1SMYRV3" failures="0" tests="1" name="com.group6.AmazonAutomation.TestCases.CheckoutProcess" time="51.505" errors="0" timestamp="2023-09-12T19:24:13 IST" skipped="0">
  <testcase classname="com.group6.AmazonAutomation.TestCases.CheckoutProcess" name="f" time="51.505"/>
</testsuite> <!-- com.group6.AmazonAutomation.TestCases.CheckoutProcess -->
