<?xml version="1.0" encoding="UTF-8"?>
<!-- Generated by org.testng.reporters.JUnitReportReporter -->
<testsuite hostname="INL-1SMYRV3" failures="0" tests="1" name="com.group6.AmazonAutomation.TestCases.AmazonLoginTest" time="10.176" errors="0" timestamp="2023-09-12T19:27:31 IST" skipped="0">
  <testcase classname="com.group6.AmazonAutomation.TestCases.AmazonLoginTest" name="loginTest" time="10.176"/>
</testsuite> <!-- com.group6.AmazonAutomation.TestCases.AmazonLoginTest -->
