<?xml version="1.0" encoding="UTF-8"?>
<!-- Generated by org.testng.reporters.JUnitReportReporter -->
<testsuite hostname="INL-1SMYRV3" failures="0" tests="1" name="com.group6.AmazonAutomation.TestCases.AmazonProductAvailabilityTest" time="88.464" errors="0" timestamp="2023-09-12T18:17:13 IST" skipped="0">
  <testcase classname="com.group6.AmazonAutomation.TestCases.AmazonProductAvailabilityTest" name="testProductAvailability" time="88.464"/>
</testsuite> <!-- com.group6.AmazonAutomation.TestCases.AmazonProductAvailabilityTest -->
