<?xml version="1.0" encoding="UTF-8"?>
<!-- Generated by org.testng.reporters.JUnitReportReporter -->
<testsuite hostname="INL-1SMYRV3" failures="0" tests="1" name="com.group6.AmazonAutomation.TestCases.Add_to_cart" time="37.678" errors="0" timestamp="2023-09-12T18:56:09 IST" skipped="0">
  <testcase classname="com.group6.AmazonAutomation.TestCases.Add_to_cart" name="AddtoCart" time="37.678"/>
</testsuite> <!-- com.group6.AmazonAutomation.TestCases.Add_to_cart -->
