<?xml version="1.0" encoding="UTF-8"?>
<!-- Generated by org.testng.reporters.JUnitReportReporter -->
<testsuite hostname="INL-1SMYRV3" failures="0" tests="1" name="com.group6.AmazonAutomation.TestCases.LanguageChange" time="25.157" errors="0" timestamp="2023-09-12T19:29:44 IST" skipped="0">
  <testcase classname="com.group6.AmazonAutomation.TestCases.LanguageChange" name="changeCountry" time="25.157"/>
</testsuite> <!-- com.group6.AmazonAutomation.TestCases.LanguageChange -->
