<?xml version="1.0" encoding="UTF-8"?>
<!-- Generated by org.testng.reporters.JUnitReportReporter -->
<testsuite hostname="INL-1SMYRV3" failures="0" tests="1" name="com.group6.AmazonAutomation.TestScenarios.AmazonLogin" time="16.882" errors="0" timestamp="2023-09-11T21:33:46 IST" skipped="0">
  <testcase classname="com.group6.AmazonAutomation.TestScenarios.AmazonLogin" name="login" time="16.882"/>
</testsuite> <!-- com.group6.AmazonAutomation.TestScenarios.AmazonLogin -->
