<?xml version="1.0" encoding="UTF-8"?>
<!-- Generated by org.testng.reporters.JUnitReportReporter -->
<testsuite hostname="INL-1SMYRV3" failures="0" tests="1" name="com.group6.AmazonAutomation.TestScenarios.AmazonChangeCountry" time="9.118" errors="0" timestamp="2023-09-07T16:20:00 IST" skipped="0">
  <testcase classname="com.group6.AmazonAutomation.TestScenarios.AmazonChangeCountry" name="changeCountry" time="9.118"/>
</testsuite> <!-- com.group6.AmazonAutomation.TestScenarios.AmazonChangeCountry -->
