<?xml version="1.0" encoding="UTF-8"?>
<!-- Generated by org.testng.reporters.JUnitReportReporter -->
<testsuite hostname="INL-1SMYRV3" failures="0" tests="1" name="com.group6.MuzixRestAssured.AdminModule.AddMusic" time="1.163" errors="0" timestamp="2023-09-01T10:40:47 IST" skipped="0">
  <testcase classname="com.group6.MuzixRestAssured.AdminModule.AddMusic" name="AddNewMusic" time="1.163"/>
</testsuite> <!-- com.group6.MuzixRestAssured.AdminModule.AddMusic -->
