<?xml version="1.0" encoding="UTF-8"?>
<!-- Generated by org.testng.reporters.JUnitReportReporter -->
<testsuite hostname="INL-1SMYRV3" failures="0" tests="1" name="com.group6.MuzixRestAssured.SearchMusic.SearchByArtist" time="0.977" errors="0" timestamp="2023-09-04T11:17:12 IST" skipped="0">
  <testcase classname="com.group6.MuzixRestAssured.SearchMusic.SearchByArtist" name="searchByArtist" time="0.977"/>
</testsuite> <!-- com.group6.MuzixRestAssured.SearchMusic.SearchByArtist -->
