<?xml version="1.0" encoding="UTF-8"?>
<!-- Generated by org.testng.reporters.JUnitReportReporter -->
<testsuite hostname="INL-1SMYRV3" failures="0" tests="1" name="com.group6.MuzixRestAssured.authentication.AdminSignUp" time="1.028" errors="0" timestamp="2023-08-31T16:52:06 IST" skipped="0">
  <testcase classname="com.group6.MuzixRestAssured.authentication.AdminSignUp" name="Admin_SignUp" time="1.028"/>
</testsuite> <!-- com.group6.MuzixRestAssured.authentication.AdminSignUp -->
