<?xml version="1.0" encoding="UTF-8"?>
<!-- Generated by org.testng.reporters.JUnitReportReporter -->
<testsuite hostname="INL-1SMYRV3" failures="0" tests="1" name="com.group6.MuzixRestAssured.AdminSignIn" time="1.240" errors="0" timestamp="2023-08-31T16:42:34 IST" skipped="0">
  <testcase classname="com.group6.MuzixRestAssured.AdminSignIn" name="Admib_Login" time="1.240"/>
</testsuite> <!-- com.group6.MuzixRestAssured.AdminSignIn -->
