<?xml version="1.0" encoding="UTF-8"?>
<!-- Generated by org.testng.reporters.JUnitReportReporter -->
<testsuite hostname="INL-1SMYRV3" failures="0" tests="1" name="com.group6.MuzixRestAssured.userFavourite.RemoveFromFavourites" time="2.475" errors="0" timestamp="2023-08-31T17:56:47 IST" skipped="0">
  <testcase classname="com.group6.MuzixRestAssured.userFavourite.RemoveFromFavourites" name="RemoveMusicFromFavourite" time="2.475"/>
</testsuite> <!-- com.group6.MuzixRestAssured.userFavourite.RemoveFromFavourites -->
