<?xml version="1.0" encoding="UTF-8"?>
<!-- Generated by org.testng.reporters.JUnitReportReporter -->
<testsuite hostname="INL-1SMYRV3" failures="0" tests="1" name="com.group6.MuzixRestAssured.SearchMusic.SearchByAlbum" time="1.168" errors="0" timestamp="2023-09-04T11:16:48 IST" skipped="0">
  <testcase classname="com.group6.MuzixRestAssured.SearchMusic.SearchByAlbum" name="searchByAlbum" time="1.168"/>
</testsuite> <!-- com.group6.MuzixRestAssured.SearchMusic.SearchByAlbum -->
