<?xml version="1.0" encoding="UTF-8"?>
<!-- Generated by org.testng.reporters.JUnitReportReporter -->
<testsuite hostname="INL-1SMYRV3" failures="0" tests="1" name="com.group6.MuzixRestAssured.SearchMusic.SearchByGenre" time="0.985" errors="0" timestamp="2023-09-04T11:17:40 IST" skipped="0">
  <testcase classname="com.group6.MuzixRestAssured.SearchMusic.SearchByGenre" name="searchByGenre" time="0.985"/>
</testsuite> <!-- com.group6.MuzixRestAssured.SearchMusic.SearchByGenre -->
