<?xml version="1.0" encoding="UTF-8"?>
<!-- Generated by org.testng.reporters.JUnitReportReporter -->
<testsuite hostname="INL-1SMYRV3" failures="0" tests="1" name="com.group6.MuzixRestAssured.userFavourite.GetAllFavourites" time="1.664" errors="0" timestamp="2023-08-31T18:09:27 IST" skipped="0">
  <testcase classname="com.group6.MuzixRestAssured.userFavourite.GetAllFavourites" name="ListAllMyFavourites" time="1.664"/>
</testsuite> <!-- com.group6.MuzixRestAssured.userFavourite.GetAllFavourites -->
