<?xml version="1.0" encoding="UTF-8"?>
<!-- Generated by org.testng.reporters.JUnitReportReporter -->
<testsuite hostname="INL-1SMYRV3" failures="0" tests="1" name="com.group6.MuzixRestAssured.userFavourite.AddFavouriteMusic" time="1.637" errors="0" timestamp="2023-08-31T17:24:00 IST" skipped="0">
  <testcase classname="com.group6.MuzixRestAssured.userFavourite.AddFavouriteMusic" name="AddToFavouritePlaylist" time="1.637"/>
</testsuite> <!-- com.group6.MuzixRestAssured.userFavourite.AddFavouriteMusic -->
